[22:06:34] [Warning] [FSAL Cache] Cache data dir does not yet exist: /home/ninh/.config/Zettlr/fsal/cache.
[22:06:34] [Info] こんにちは！ Booting Zettlr at Tue Feb 27 2024 22:06:34 GMT+0100 (Central European Standard Time).
[22:06:34] [Info] Installing VueJS3 DevTools extension ...
[22:06:35] [Info] Added DevTools extension: Vue.js devtools
[22:06:35] [Info] Registering custom protocol safe-file
[22:06:35] [Info] No configuration detected: Assuming first start and new version!
[22:06:35] [Warning] [Assets Provider] Required defaults file HTML to Markdown.yaml not found. Copying ...
[22:06:35] [Warning] [Assets Provider] Required defaults file HTML.yaml not found. Copying ...
[22:06:35] [Warning] [Assets Provider] Required defaults file LaTeX to Markdown.yaml not found. Copying ...
[22:06:35] [Warning] [Assets Provider] Required defaults file LaTeX.yaml not found. Copying ...
[22:06:35] [Warning] [Assets Provider] Required defaults file Markdown.yaml not found. Copying ...
[22:06:35] [Warning] [Assets Provider] Required defaults file Microsoft Word to Markdown.yaml not found. Copying ...
[22:06:35] [Warning] [Assets Provider] Required defaults file Microsoft Word.yaml not found. Copying ...
[22:06:35] [Warning] [Assets Provider] Required defaults file OPML to Markdown.yaml not found. Copying ...
[22:06:35] [Warning] [Assets Provider] Required defaults file Open Document Text to Markdown.yaml not found. Copying ...
[22:06:35] [Warning] [Assets Provider] Required defaults file Open Document Text.yaml not found. Copying ...
[22:06:35] [Warning] [Assets Provider] Required defaults file Orgmode to Markdown.yaml not found. Copying ...
[22:06:35] [Warning] [Assets Provider] Required defaults file Plain Text.yaml not found. Copying ...
[22:06:35] [Warning] [Assets Provider] Required defaults file Reveal.js.yaml not found. Copying ...
[22:06:35] [Warning] [Assets Provider] Required defaults file Rich Text Format.yaml not found. Copying ...
[22:06:35] [Warning] [Assets Provider] Required defaults file Textile to Markdown.yaml not found. Copying ...
[22:06:35] [Warning] [Assets Provider] Required defaults file Wiki to Markdown.yaml not found. Copying ...
[22:06:35] [Warning] [Assets Provider] Required defaults file XeLaTeX PDF.yaml not found. Copying ...
[22:06:35] [Warning] [Assets Provider] Required defaults file reStructuredText to Markdown.yaml not found. Copying ...
[22:06:35] [Warning] [Assets Provider] Required defaults file text2tags to Markdown.yaml not found. Copying ...
[22:06:35] [Warning] [Assets Provider] Required filter links.lua not found. Copying ...
[22:06:35] [Warning] [Assets Provider] Required filter tags.lua not found. Copying ...
[22:06:35] [Info] [Citeproc Provider] Loading CSL locale file at /usr/lib/zettlr/app.asar/.webpack/main/assets/csl-locales/locales-en-US.xml ...
[22:06:35] [Info] [Update Provider] Checking for application updates ...
[22:06:35] [Info] [Updater] Checking https://zettlr.com/api/releases/latest for updates ...
[22:06:35] [Info] Clearing the FSAL cache ...
[22:06:35] [Info] [FSAL] Loaded all files and workspaces in 0 seconds
[22:06:35] [Info] [FSAL Cache] Cache cleared!
[22:06:35] [Info] [Window Manager] Window Manager started.
[22:06:35] [Info] [Document Manager] Initializing document storage ...
[22:06:35] [Info] [Document Manager] Restored 1 open windows.
[22:06:35] [Info] [AppServiceContainer] Boot successful!
[22:06:35] [Info] [AppServiceContainer] Copying over the interactive tutorial!
[22:06:35] [Info] Successfully copied the tutorial files | Details: LaTeX Guide.md, LaTeX Guide.pdf, citing.md, helpful-links.md, references.json, split-view-intro.md, welcome.md, zettelkasten.md, zettlr.png
[22:06:36] [Info] [Update Provider] No new update available. Current version is v3.0.5.
[22:06:39] [Warning] [R] [Main Window (a2318f72-d71e-441e-850f-45316f9d4b16)] addRange(): The given range isn't in document. (index.js:2)
[22:06:42] [Error] [Application] Could not fetch link preview for URL https://Guide.pdf: getaddrinfo ENOTFOUND guide.pdf
[22:06:42] [Error] [Application] Could not fetch link preview for URL https://Guide.pdf: getaddrinfo ENOTFOUND guide.pdf
[22:06:48] [Error] [Application] Could not fetch link preview for URL https://a.k.a: getaddrinfo ENOTFOUND a.k.a
[22:06:48] [Error] [Application] Could not fetch link preview for URL https://references.json: getaddrinfo ENOTFOUND references.json
[22:06:58] [Error] [Application] Could not fetch link preview for URL https://references.json: getaddrinfo ENOTFOUND references.json
[22:07:00] [Info] さようなら！ Shutting down at Tue Feb 27 2024 22:07:00 GMT+0100 (Central European Standard Time)
[22:07:00] [Info] Application uptime was: 0 minutes, and 25.685 seconds.
[22:07:00] [Info] [FSAL Cache] Cleaned up cache: Removed 0 remnants.
