2024-03-21T10:09:02.631Z 0: 

----------------------------------------------
2024-03-21T10:09:02.649Z 1: Discord starting: {"releaseChannel":"stable","version":"0.0.46"}, modulepath: /home/ninh/.config/discord/0.0.46/modules
2024-03-21T10:09:02.655Z 2: ✅ webContents.created web1 ""
2024-03-21T10:09:02.657Z 3: ✅ window.created win1 "discord"
2024-03-21T10:09:03.078Z 4: ✅ webContents.did-finish-load web1
2024-03-21T10:09:09.177Z 5: ✅ webContents.created web2 ""
2024-03-21T10:09:09.192Z 6: ✅ window.created win2 "Discord"
2024-03-21T10:09:11.662Z 7: ✅ webContents.did-finish-load web2
2024-03-21T10:09:11.762Z 8: window.close win1
2024-03-21T10:09:11.772Z 9: webContents.destroyed web1
2024-03-21T10:09:11.774Z 10: window.closed win1
2024-03-21T10:09:31.449Z 11: window.close win2
2024-03-21T10:09:44.199Z 12: before-quit
2024-03-21T10:09:44.213Z 13: window.close win2
2024-03-21T10:09:44.220Z 14: ❌ child-process-gone {
  type: 'Utility',
  reason: 'killed',
  exitCode: 15,
  serviceName: 'audio.mojom.AudioService',
  name: 'Audio Service'
}
2024-03-21T10:09:44.223Z 15: ❌ child-process-gone {
  type: 'Utility',
  reason: 'killed',
  exitCode: 15,
  serviceName: 'network.mojom.NetworkService',
  name: 'Network Service'
}
2024-03-21T10:10:16.474Z 0: 

----------------------------------------------
2024-03-21T10:10:16.534Z 1: Discord starting: {"releaseChannel":"stable","version":"0.0.46"}, modulepath: /home/ninh/.config/discord/0.0.46/modules
2024-03-21T10:10:16.541Z 2: Wrote 244080 byte minidump to /home/ninh/.config/discord/0.0.46/modules/crashlogs/2024_03_21T10_10_16_533Z-0-minidump.dmp
2024-03-21T10:10:16.546Z 3: ✅ webContents.created web1 "index.html"
2024-03-21T10:10:16.548Z 4: ✅ window.created win1 "discord"
2024-03-21T10:10:16.550Z 5: Sentry report: {"sdk":{"name":"sentry.javascript.electron","packages":[{"name":"npm:@sentry/electron","version":"4.13.0"}],"version":"4.13.0","integrations":["SentryMinidump","ElectronBreadcrumbs","Net","MainContext","ChildProcess","OnUncaughtException","PreloadInjection","AdditionalContext","Screenshots","InboundFilters","FunctionToString","Console","Http","Undici","OnUnhandledRejection","ContextLines","LocalVariables","Modules","RequestData","LinkedErrors"]},"contexts":{"trace":{"trace_id":"aef3699bacf14d0cb31aa7c45d4e80b0","span_id":"b92ee74a39360de3"},"app":{"app_name":"discord","app_version":"0.0.46","app_start_time":"2024-03-21T10:09:02.199Z"},"os":{"kernel_version":"6.8.1-arch1-1","name":"Arch Linux","version":"\"rolling\""},"browser":{"name":"Chrome"},"chrome":{"name":"Chrome","type":"runtime","version":"108.0.5359.215"},"device":{"arch":"x64","family":"Desktop","language":"en-US","screen_density":1,"screen_resolution":"1920x1080","memory_size":16156430336,"free_memory":10999611392,"processor_count":12,"cpu_description":"AMD Ryzen 5 4600H with Radeon Graphics","processor_frequency":2415},"node":{"name":"Node","type":"runtime","version":"16.17.1"},"runtime":{"name":"Electron","version":"22.3.26"}},"environment":"stable","release":"0.0.46","user":{"ip_address":"{{auto}}","id":"337668323309387776","username":"nopeimnothere","email":"timon.wegner2006@gmail.com"},"tags":{"event.origin":"electron","event.environment":"native","event.process":"browser","event_type":"native","nativeBuildNumber":"null"},"level":"fatal","platform":"native","breadcrumbs":[{"timestamp":1711015752.695,"category":"console","level":"log","message":"legacyModuleUpdater: downloading-module-progress discord_game_utils 12"},{"timestamp":1711015752.7,"category":"console","level":"log","message":"2024-03-21T10:09:12.700Z [Modules] Streaming discord_game_utils@1 to /home/ninh/.config/discord/0.0.46/modules/pending/discord_game_utils-1.zip: 14%"},{"timestamp":1711015752.7,"category":"console","level":"log","message":"legacyModuleUpdater: downloading-module-progress discord_game_utils 14"},{"timestamp":1711015752.701,"category":"console","level":"log","message":"2024-03-21T10:09:12.701Z [Modules] Streaming discord_game_utils@1 to /home/ninh/.config/discord/0.0.46/modules/pending/discord_game_utils-1.zip: 16%"},{"timestamp":1711015752.701,"category":"console","level":"log","message":"legacyModuleUpdater: downloading-module-progress discord_game_utils 16"},{"timestamp":1711015752.703,"category":"console","level":"log","message":"2024-03-21T10:09:12.703Z [Modules] Streaming discord_game_utils@1 to /home/ninh/.config/discord/0.0.46/modules/pending/discord_game_utils-1.zip: 23%"},{"timestamp":1711015752.703,"category":"console","level":"log","message":"legacyModuleUpdater: downloading-module-progress discord_game_utils 23"},{"timestamp":1711015752.705,"category":"console","level":"log","message":"2024-03-21T10:09:12.705Z [Modules] Streaming discord_game_utils@1 to /home/ninh/.config/discord/0.0.46/modules/pending/discord_game_utils-1.zip: 25%"},{"timestamp":1711015752.705,"category":"console","level":"log","message":"legacyModuleUpdater: downloading-module-progress discord_game_utils 25"},{"timestamp":1711015752.714,"category":"console","level":"log","message":"2024-03-21T10:09:12.714Z [Modules] Streaming discord_game_utils@1 to /home/ninh/.config/discord/0.0.46/modules/pending/discord_game_utils-1.zip: 27%"},{"timestamp":1711015752.714,"category":"console","level":"log","message":"legacyModuleUpdater: downloading-module-progress discord_game_utils 27"},{"timestamp":1711015752.715,"category":"console","level":"log","message":"2024-03-21T10:09:12.715Z [Modules] Streaming discord_game_utils@1 to /home/ninh/.config/discord/0.0.46/modules/pending/discord_game_utils-1.zip: 31%"},{"timestamp":1711015752.715,"category":"console","level":"log","message":"legacyModuleUpdater: downloading-module-progress discord_game_utils 31"},{"timestamp":1711015752.716,"category":"console","level":"log","message":"2024-03-21T10:09:12.716Z [Modules] Streaming discord_game_utils@1 to /home/ninh/.config/discord/0.0.46/modules/pending/discord_game_utils-1.zip: 34%"},{"timestamp":1711015752.716,"category":"console","level":"log","message":"legacyModuleUpdater: downloading-module-progress discord_game_utils 34"},{"timestamp":1711015752.717,"category":"console","level":"log","message":"2024-03-21T10:09:12.717Z [Modules] Streaming discord_game_utils@1 to /home/ninh/.config/discord/0.0.46/modules/pending/discord_game_utils-1.zip: 37%"},{"timestamp":1711015752.717,"category":"console","level":"log","message":"legacyModuleUpdater: downloading-module-progress discord_game_utils 37"},{"timestamp":1711015752.717,"category":"console","level":"log","message":"2024-03-21T10:09:12.717Z [Modules] Streaming discord_game_utils@1 to /home/ninh/.config/discord/0.0.46/modules/pending/discord_game_utils-1.zip: 38%"},{"timestamp":1711015752.717,"category":"console","level":"log","message":"legacyModuleUpdater: downloading-module-progress discord_game_utils 38"},{"timestamp":1711015752.722,"category":"console","level":"log","message":"2024-03-21T10:09:12.722Z [Modules] Streaming discord_game_utils@1 to /home/ninh/.config/discord/0.0.46/modules/pending/discord_game_utils-1.zip: 41%"},{"timestamp":1711015752.722,"category":"console","level":"log","message":"legacyModuleUpdater: downloading-module-progress discord_game_utils 41"},{"timestamp":1711015752.723,"category":"console","level":"log","message":"2024-03-21T10:09:12.723Z [Modules] Streaming discord_game_utils@1 to /home/ninh/.config/discord/0.0.46/modules/pending/discord_game_utils-1.zip: 43%"},{"timestamp":1711015752.723,"category":"console","level":"log","message":"legacyModuleUpdater: downloading-module-progress discord_game_utils 43"},{"timestamp":1711015752.724,"category":"console","level":"log","message":"mainScreen.UpdaterEvents: CHECK_FOR_UPDATES UPDATE_NOT_AVAILABLE"},{"timestamp":1711015752.724,"category":"console","level":"log","message":"2024-03-21T10:09:12.724Z [Modules] Checking for host updates."},{"timestamp":1711015752.726,"category":"console","level":"log","message":"2024-03-21T10:09:12.726Z [Modules] Streaming discord_game_utils@1 to /home/ninh/.config/discord/0.0.46/modules/pending/discord_game_utils-1.zip: 45%"},{"timestamp":1711015752.726,"category":"console","level":"log","message":"legacyModuleUpdater: downloading-module-progress discord_game_utils 45"},{"timestamp":1711015752.726,"category":"console","level":"log","message":"2024-03-21T10:09:12.726Z [Modules] Streaming discord_game_utils@1 to /home/ninh/.config/discord/0.0.46/modules/pending/discord_game_utils-1.zip: 49%"},{"timestamp":1711015752.726,"category":"console","level":"log","message":"legacyModuleUpdater: downloading-module-progress discord_game_utils 49"},{"timestamp":1711015752.727,"category":"console","level":"log","message":"2024-03-21T10:09:12.727Z [Modules] Streaming discord_game_utils@1 to /home/ninh/.config/discord/0.0.46/modules/pending/discord_game_utils-1.zip: 51%"},{"timestamp":1711015752.727,"category":"console","level":"log","message":"legacyModuleUpdater: downloading-module-progress discord_game_utils 51"},{"timestamp":1711015752.796,"category":"console","level":"log","message":"2024-03-21T10:09:12.796Z [Modules] Streaming discord_game_utils@1 to /home/ninh/.config/discord/0.0.46/modules/pending/discord_game_utils-1.zip: 53%"},{"timestamp":1711015752.796,"category":"console","level":"log","message":"legacyModuleUpdater: downloading-module-progress discord_game_utils 53"},{"timestamp":1711015752.796,"category":"console","level":"log","message":"2024-03-21T10:09:12.796Z [Modules] Streaming discord_game_utils@1 to /home/ninh/.config/discord/0.0.46/modules/pending/discord_game_utils-1.zip: 54%"},{"timestamp":1711015752.796,"category":"console","level":"log","message":"legacyModuleUpdater: downloading-module-progress discord_game_utils 54"},{"timestamp":1711015752.797,"category":"console","level":"log","message":"2024-03-21T10:09:12.797Z [Modules] Streaming discord_game_utils@1 to /home/ninh/.config/discord/0.0.46/modules/pending/discord_game_utils-1.zip: 56%"},{"timestamp":1711015752.797,"category":"console","level":"log","message":"legacyModuleUpdater: downloading-module-progress discord_game_utils 56"},{"timestamp":1711015752.797,"category":"console","level":"log","message":"2024-03-21T10:09:12.797Z [Modules] Streaming discord_game_utils@1 to /home/ninh/.config/discord/0.0.46/modules/pending/discord_game_utils-1.zip: 59%"},{"timestamp":1711015752.797,"category":"console","level":"log","message":"legacyModuleUpdater: downloading-module-progress discord_game_utils 59"},{"timestamp":1711015752.797,"category":"console","level":"log","message":"2024-03-21T10:09:12.797Z [Modules] Streaming discord_game_utils@1 to /home/ninh/.config/discord/0.0.46/modules/pending/discord_game_utils-1.zip: 62%"},{"timestamp":1711015752.797,"category":"console","level":"log","message":"legacyModuleUpdater: downloading-module-progress discord_game_utils 62"},{"timestamp":1711015752.798,"category":"console","level":"log","message":"2024-03-21T10:09:12.798Z [Modules] Streaming discord_game_utils@1 to /home/ninh/.config/discord/0.0.46/modules/pending/discord_game_utils-1.zip: 67%"},{"timestamp":1711015752.798,"category":"console","level":"log","message":"legacyModuleUpdater: downloading-module-progress discord_game_utils 67"},{"timestamp":1711015752.798,"category":"console","level":"log","message":"2024-03-21T10:09:12.798Z [Modules] Streaming discord_game_utils@1 to /home/ninh/.config/discord/0.0.46/modules/pending/discord_game_utils-1.zip: 69%"},{"timestamp":1711015752.798,"category":"console","level":"log","message":"legacyModuleUpdater: downloading-module-progress discord_game_utils 69"},{"timestamp":1711015752.798,"category":"console","level":"log","message":"2024-03-21T10:09:12.798Z [Modules] Streaming discord_game_utils@1 to /home/ninh/.config/discord/0.0.46/modules/pending/discord_game_utils-1.zip: 72%"},{"timestamp":1711015752.799,"category":"console","level":"log","message":"legacyModuleUpdater: downloading-module-progress discord_game_utils 72"},{"timestamp":1711015752.799,"category":"console","level":"log","message":"2024-03-21T10:09:12.799Z [Modules] Streaming discord_game_utils@1 to /home/ninh/.config/discord/0.0.46/modules/pending/discord_game_utils-1.zip: 77%"},{"timestamp":1711015752.799,"category":"console","level":"log","message":"legacyModuleUpdater: downloading-module-progress discord_game_utils 77"},{"timestamp":1711015752.799,"category":"console","level":"log","message":"2024-03-21T10:09:12.799Z [Modules] Streaming discord_game_utils@1 to /home/ninh/.config/discord/0.0.46/modules/pending/discord_game_utils-1.zip: 80%"},{"timestamp":1711015752.799,"category":"console","level":"log","message":"legacyModuleUpdater: downloading-module-progress discord_game_utils 80"},{"timestamp":1711015752.8,"category":"console","level":"log","message":"2024-03-21T10:09:12.800Z [Modules] Streaming discord_game_utils@1 to /home/ninh/.config/discord/0.0.46/modules/pending/discord_game_utils-1.zip: 82%"},{"timestamp":1711015752.8,"category":"console","level":"log","message":"legacyModuleUpdater: downloading-module-progress discord_game_utils 82"},{"timestamp":1711015752.8,"category":"console","level":"log","message":"2024-03-21T10:09:12.800Z [Modules] Streaming discord_game_utils@1 to /home/ninh/.config/discord/0.0.46/modules/pending/discord_game_utils-1.zip: 90%"},{"timestamp":1711015752.8,"category":"console","level":"log","message":"legacyModuleUpdater: downloading-module-progress discord_game_utils 90"},{"timestamp":1711015752.801,"category":"console","level":"log","message":"2024-03-21T10:09:12.801Z [Modules] Streaming discord_game_utils@1 to /home/ninh/.config/discord/0.0.46/modules/pending/discord_game_utils-1.zip: 98%"},{"timestamp":1711015752.801,"category":"console","level":"log","message":"legacyModuleUpdater: downloading-module-progress discord_game_utils 98"},{"timestamp":1711015752.801,"category":"console","level":"log","message":"2024-03-21T10:09:12.801Z [Modules] Streaming discord_game_utils@1 to /home/ninh/.config/discord/0.0.46/modules/pending/discord_game_utils-1.zip: 100%"},{"timestamp":1711015752.801,"category":"console","level":"log","message":"legacyModuleUpdater: downloading-module-progress discord_game_utils 100"},{"timestamp":1711015752.802,"category":"console","level":"log","message":"2024-03-21T10:09:12.802Z [Modules] Finished module downloads. [success: 2] [failure: 0]"},{"timestamp":1711015752.802,"category":"console","level":"log","message":"legacyModuleUpdater: downloading-modules-finished 2 0"},{"timestamp":1711015752.808,"category":"console","level":"log","message":"2024-03-21T10:09:12.808Z [Modules] Starting to install discord_rpc..."},{"timestamp":1711015752.808,"category":"console","level":"log","message":"2024-03-21T10:09:12.808Z [Modules] Fetching discord_rpc@1 from https://discord.com/api/modules/stable/discord_rpc/1"},{"timestamp":1711015752.808,"category":"console","level":"log","message":"2024-03-21T10:09:12.808Z [Modules] Streaming discord_rpc@1 to /home/ninh/.config/discord/0.0.46/modules/pending/discord_rpc-1.zip"},{"timestamp":1711015752.876,"type":"http","category":"electron.net","data":{"url":"https://discord.com/api/updates/stable?platform=linux&version=0.0.46","method":"GET","status_code":204}},{"timestamp":1711015752.877,"category":"console","level":"log","message":"2024-03-21T10:09:12.877Z [Modules] Host is up to date."},{"timestamp":1711015752.877,"category":"console","level":"log","message":"2024-03-21T10:09:12.877Z [Modules] Checking for module updates at https://discord.com/api/modules/stable/versions.json"},{"timestamp":1711015752.88,"type":"http","category":"electron.net","data":{"url":"https://discord.com/api/modules/stable/versions.json?host_version=0.0.46&platform=linux&_=5703385","method":"GET","status_code":200}},{"timestamp":1711015752.88,"category":"console","level":"log","message":"2024-03-21T10:09:12.880Z [Modules] No module updates available."},{"timestamp":1711015752.881,"category":"console","level":"log","message":"legacyModuleUpdater: update-check-finished"},{"timestamp":1711015752.979,"category":"console","level":"log","message":"legacyModuleUpdater: installed-module discord_krisp 1 2 true"},{"timestamp":1711015752.979,"category":"console","level":"log","message":"2024-03-21T10:09:12.979Z [Modules] Installing discord_game_utils@1 from /home/ninh/.config/discord/0.0.46/modules/pending/discord_game_utils-1.zip"},{"timestamp":1711015752.989,"type":"http","category":"electron.net","data":{"url":"https://discord.com/api/modules/stable/discord_rpc/1?host_version=0.0.46&platform=linux","method":"GET","status_code":200}},{"timestamp":1711015753.005,"category":"console","data":{"arguments":["Initializing krisp module"],"logger":"console"},"level":"info","message":"Initializing krisp module"},{"timestamp":1711015753.019,"category":"console","level":"log","message":"2024-03-21T10:09:13.019Z [Modules] Streaming discord_rpc@1 to /home/ninh/.config/discord/0.0.46/modules/pending/discord_rpc-1.zip: 38%"},{"timestamp":1711015753.019,"category":"console","level":"log","message":"legacyModuleUpdater: downloading-module-progress discord_rpc 38"},{"timestamp":1711015753.038,"category":"console","level":"log","message":"2024-03-21T10:09:13.038Z [Modules] Finished module installations. [success: 2] [failure: 0]"},{"timestamp":1711015753.038,"category":"console","level":"log","message":"legacyModuleUpdater: installed-module discord_game_utils 2 2 true"},{"timestamp":1711015753.045,"category":"console","level":"log","message":"2024-03-21T10:09:13.045Z [Modules] Streaming discord_rpc@1 to /home/ninh/.config/discord/0.0.46/modules/pending/discord_rpc-1.zip: 75%"},{"timestamp":1711015753.045,"category":"console","level":"log","message":"legacyModuleUpdater: downloading-module-progress discord_rpc 75"},{"timestamp":1711015753.062,"category":"console","level":"log","message":"2024-03-21T10:09:13.062Z [Modules] Streaming discord_rpc@1 to /home/ninh/.config/discord/0.0.46/modules/pending/discord_rpc-1.zip: 100%"},{"timestamp":1711015753.062,"category":"console","level":"log","message":"legacyModuleUpdater: downloading-module-progress discord_rpc 100"},{"timestamp":1711015753.064,"category":"console","level":"log","message":"2024-03-21T10:09:13.064Z [Modules] Finished module downloads. [success: 1] [failure: 0]"},{"timestamp":1711015753.064,"category":"console","level":"log","message":"legacyModuleUpdater: downloading-modules-finished 1 0"},{"timestamp":1711015753.064,"category":"console","level":"log","message":"2024-03-21T10:09:13.064Z [Modules] Installing discord_rpc@1 from /home/ninh/.config/discord/0.0.46/modules/pending/discord_rpc-1.zip"},{"timestamp":1711015753.079,"category":"console","level":"log","message":"2024-03-21T10:09:13.079Z [Modules] Finished module installations. [success: 1] [failure: 0]"},{"timestamp":1711015753.079,"category":"console","level":"log","message":"legacyModuleUpdater: installed-module discord_rpc 1 1 true"},{"timestamp":1711015753.324,"category":"console","level":"log","message":"mainScreen.UpdaterEvents: UPDATER_HISTORY_QUERY_AND_TRUNCATE"},{"timestamp":1711015753.4,"category":"console","level":"log","message":"mainScreen.UpdaterEvents: UPDATER_HISTORY_QUERY_AND_TRUNCATE"},{"timestamp":1711015753.401,"category":"console","level":"log","message":"mainScreen.UpdaterEvents: UPDATER_HISTORY_QUERY_AND_TRUNCATE"},{"timestamp":1711015760.512,"category":"ui.click","message":"div.contents_fb6220 > svg > path"},{"timestamp":1711015762.704,"category":"ui.click","message":"g > g > g > g > path"},{"timestamp":1711015764.555,"category":"ui.click","message":"div.tabBarItemContainer_d74773"},{"timestamp":1711015768.926,"category":"ui.click","message":"div.item__48dda.selected__5711d.themed_b957e8"},{"timestamp":1711015770.473,"category":"ui.click","message":"div.container_bb0c52 > div.closeButton__34341[aria-label=\"Close\"] > svg"},{"timestamp":1711015771.447,"category":"electron","message":"window.close","type":"ui","data":{"id":2,"url":"https://discord.com/channels/@me"}},{"timestamp":1711015771.449,"category":"electron","message":"window.hide","type":"ui","data":{"id":2,"url":"https://discord.com/channels/@me"}},{"timestamp":1711015771.449,"category":"console","level":"log","message":"blackbox: 2024-03-21T10:09:31.449Z 11 window.close win2"},{"timestamp":1711015771.451,"category":"electron","message":"window.blur","type":"ui","data":{"id":2,"url":"https://discord.com/channels/@me"}},{"timestamp":1711015771.452,"category":"electron","message":"app.browser-window-blur","type":"ui"},{"timestamp":1711015816.239,"category":"console","level":"log","message":"Discord 0.0.46"},{"timestamp":1711015816.392,"category":"electron","message":"app.will-finish-launching","type":"ui"},{"timestamp":1711015816.404,"category":"electron","message":"app.ready","type":"ui"},{"timestamp":1711015816.415,"category":"electron","message":"app.session-created","type":"ui"},{"timestamp":1711015816.417,"category":"console","level":"log","message":"Starting app."},{"timestamp":1711015816.421,"category":"console","level":"log","message":"Starting updater."},{"timestamp":1711015816.423,"category":"console","level":"log","message":"2024-03-21T10:10:16.423Z [Modules] Modules initializing"},{"timestamp":1711015816.423,"category":"console","level":"log","message":"2024-03-21T10:10:16.423Z [Modules] Distribution: remote"},{"timestamp":1711015816.423,"category":"console","level":"log","message":"2024-03-21T10:10:16.423Z [Modules] Host updates: enabled"},{"timestamp":1711015816.423,"category":"console","level":"log","message":"2024-03-21T10:10:16.423Z [Modules] Module updates: enabled"},{"timestamp":1711015816.424,"category":"console","level":"log","message":"2024-03-21T10:10:16.424Z [Modules] Module install path: /home/ninh/.config/discord/0.0.46/modules"},{"timestamp":1711015816.424,"category":"console","level":"log","message":"2024-03-21T10:10:16.424Z [Modules] Module installed file path: /home/ninh/.config/discord/0.0.46/modules/installed.json"},{"timestamp":1711015816.424,"category":"console","level":"log","message":"2024-03-21T10:10:16.424Z [Modules] Module download path: /home/ninh/.config/discord/0.0.46/modules/pending"},{"timestamp":1711015816.449,"category":"console","level":"log","message":"splashScreen.initSplash(false)"},{"timestamp":1711015816.457,"category":"electron","message":"app.web-contents-created","type":"ui"},{"timestamp":1711015816.459,"category":"electron","message":"app.browser-window-created","type":"ui"},{"timestamp":1711015816.471,"category":"electron","message":"renderer.load-url","type":"ui","data":{}},{"timestamp":1711015816.474,"category":"console","level":"log","message":"blackbox: 2024-03-21T10:10:16.474Z 0 \n\n----------------------------------------------"},{"timestamp":1711015816.239,"category":"console","level":"log","message":"Discord 0.0.46"},{"timestamp":1711015816.392,"category":"electron","message":"app.will-finish-launching","type":"ui"},{"timestamp":1711015816.404,"category":"electron","message":"app.ready","type":"ui"},{"timestamp":1711015816.415,"category":"electron","message":"app.session-created","type":"ui"},{"timestamp":1711015816.417,"category":"console","level":"log","message":"Starting app."},{"timestamp":1711015816.421,"category":"console","level":"log","message":"Starting updater."},{"timestamp":1711015816.423,"category":"console","level":"log","message":"2024-03-21T10:10:16.423Z [Modules] Modules initializing"},{"timestamp":1711015816.423,"category":"console","level":"log","message":"2024-03-21T10:10:16.423Z [Modules] Distribution: remote"},{"timestamp":1711015816.423,"category":"console","level":"log","message":"2024-03-21T10:10:16.423Z [Modules] Host updates: enabled"},{"timestamp":1711015816.423,"category":"console","level":"log","message":"2024-03-21T10:10:16.423Z [Modules] Module updates: enabled"},{"timestamp":1711015816.424,"category":"console","level":"log","message":"2024-03-21T10:10:16.424Z [Modules] Module install path: /home/ninh/.config/discord/0.0.46/modules"},{"timestamp":1711015816.424,"category":"console","level":"log","message":"2024-03-21T10:10:16.424Z [Modules] Module installed file path: /home/ninh/.config/discord/0.0.46/modules/installed.json"},{"timestamp":1711015816.424,"category":"console","level":"log","message":"2024-03-21T10:10:16.424Z [Modules] Module download path: /home/ninh/.config/discord/0.0.46/modules/pending"},{"timestamp":1711015816.449,"category":"console","level":"log","message":"splashScreen.initSplash(false)"},{"timestamp":1711015816.457,"category":"electron","message":"app.web-contents-created","type":"ui"},{"timestamp":1711015816.459,"category":"electron","message":"app.browser-window-created","type":"ui"},{"timestamp":1711015816.471,"category":"electron","message":"renderer.load-url","type":"ui","data":{}},{"timestamp":1711015816.474,"category":"console","level":"log","message":"blackbox: 2024-03-21T10:10:16.474Z 0 \n\n----------------------------------------------"}],"modules":{"mkdirp":"0.5.5","rimraf":"2.7.1","glob":"7.1.7","fs.realpath":"1.0.0","minimatch":"3.1.2","brace-expansion":"1.1.11","concat-map":"0.0.1","balanced-match":"1.0.2","inherits":"2.0.4","path-is-absolute":"1.0.1","inflight":"1.0.6","wrappy":"1.0.2","once":"1.4.0","yauzl":"2.10.0","fd-slicer":"1.1.0","pend":"1.2.0","buffer-crc32":"0.2.13","request":"2.88.0","extend":"3.0.2","tough-cookie":"2.4.3","psl":"1.8.0","json-stringify-safe":"5.0.1","safe-buffer":"5.2.1","aws-sign2":"0.7.0","aws4":"1.11.0","http-signature":"1.2.0","assert-plus":"1.0.0","sshpk":"1.16.1","safer-buffer":"2.1.2","asn1":"0.2.4","ecc-jsbn":"0.1.2","jsbn":"0.1.1","tweetnacl":"0.14.5","jsprim":"1.4.1","extsprintf":"1.3.0","verror":"1.10.0","core-util-is":"1.0.2","json-schema":"0.2.3","mime-types":"2.1.32","mime-db":"1.49.0","caseless":"0.12.0","forever-agent":"0.6.1","form-data":"2.3.3","combined-stream":"1.0.8","delayed-stream":"1.0.0","asynckit":"0.4.0","isstream":"0.1.2","is-typedarray":"1.0.0","qs":"6.5.3","har-validator":"5.1.5","ajv":"6.12.6","uri-js":"4.4.1","fast-deep-equal":"3.1.3","json-schema-traverse":"0.4.1","fast-json-stable-stringify":"2.1.0","har-schema":"2.0.0","uuid":"3.4.0","oauth-sign":"0.9.0","tunnel-agent":"0.6.0","performance-now":"2.1.0","arch":"2.2.0","https-proxy-agent":"5.0.1","ms":"2.1.2","agent-base":"6.0.2","lru_map":"0.3.3","cookie":"0.5.0","deepmerge":"4.3.0"},"event_id":"4685059590384e77b8bad6e7b4bf1587","timestamp":1711015816.518,"extra":{"release_channel":"stable","sentry":{"environment":"stable","release":"0.0.46"},"wm":"i3,i3","distro":"\"Arch Linux\""}}
2024-03-21T10:10:16.949Z 6: ✅ webContents.did-finish-load web1
2024-03-21T10:10:17.152Z 7: ✅ webContents.created web2 ""
2024-03-21T10:10:17.168Z 8: ✅ window.created win2 "Discord"
2024-03-21T10:10:19.716Z 9: ✅ webContents.did-finish-load web2
2024-03-21T10:10:19.816Z 10: window.close win1
2024-03-21T10:10:19.823Z 11: webContents.destroyed web1
2024-03-21T10:10:19.825Z 12: window.closed win1
2024-03-21T10:10:30.215Z 13: window.close win2
2024-03-21T10:10:41.841Z 14: before-quit
2024-03-21T10:10:41.843Z 15: window.close win2
2024-03-21T10:10:41.850Z 16: ❌ child-process-gone {
  type: 'Utility',
  reason: 'killed',
  exitCode: 15,
  serviceName: 'audio.mojom.AudioService',
  name: 'Audio Service'
}
2024-03-21T10:10:41.864Z 17: ❌ child-process-gone {
  type: 'Utility',
  reason: 'killed',
  exitCode: 15,
  serviceName: 'network.mojom.NetworkService',
  name: 'Network Service'
}
2024-03-21T10:11:07.210Z 0: 

----------------------------------------------
2024-03-21T10:11:07.343Z 1: Discord starting: {"releaseChannel":"stable","version":"0.0.46"}, modulepath: /home/ninh/.config/discord/0.0.46/modules
2024-03-21T10:11:07.347Z 2: ✅ webContents.created web1 "index.html"
2024-03-21T10:11:07.487Z 3: ✅ window.created win1 "discord"
2024-03-21T10:11:07.673Z 4: ✅ webContents.did-finish-load web1
2024-03-21T10:11:07.898Z 5: ✅ webContents.created web2 ""
2024-03-21T10:11:07.912Z 6: ✅ window.created win2 "Discord"
2024-03-21T10:11:10.671Z 7: ✅ webContents.did-finish-load web2
2024-03-21T10:11:10.773Z 8: window.close win1
2024-03-21T10:11:10.786Z 9: webContents.destroyed web1
2024-03-21T10:11:10.788Z 10: window.closed win1
2024-03-21T10:11:30.459Z 11: window.close win2
2024-03-21T10:50:23.073Z 12: before-quit
2024-03-21T10:50:23.082Z 13: window.close win2
2024-03-21T10:50:23.099Z 14: ❌ child-process-gone {
  type: 'Utility',
  reason: 'killed',
  exitCode: 15,
  serviceName: 'audio.mojom.AudioService',
  name: 'Audio Service'
}
2024-03-21T10:50:23.115Z 15: ❌ child-process-gone {
  type: 'Utility',
  reason: 'killed',
  exitCode: 15,
  serviceName: 'network.mojom.NetworkService',
  name: 'Network Service'
}
2024-03-22T07:05:27.242Z 0: 

----------------------------------------------
2024-03-22T07:05:27.258Z 1: Discord starting: {"releaseChannel":"stable","version":"0.0.46"}, modulepath: /home/ninh/.config/discord/0.0.46/modules
2024-03-22T07:05:27.285Z 2: ✅ webContents.created web1 ""
2024-03-22T07:05:27.290Z 3: ✅ window.created win1 "discord"
2024-03-22T07:05:27.775Z 4: ✅ webContents.did-finish-load web1
2024-03-22T07:05:27.930Z 5: ✅ webContents.created web2 ""
2024-03-22T07:05:27.949Z 6: ✅ window.created win2 "Discord"
2024-03-22T07:05:31.678Z 7: ✅ webContents.did-finish-load web2
2024-03-22T07:05:31.779Z 8: window.close win1
2024-03-22T07:05:31.789Z 9: webContents.destroyed web1
2024-03-22T07:05:31.795Z 10: window.closed win1
2024-03-22T07:06:16.678Z 11: window.close win2
