2024-02-27 21:21:28 Loading main app package /usr/lib/obsidian/obsidian.asar
2024-02-27 21:21:28 Checking for update using Github
2024-02-27 21:21:29 Success.
2024-02-27 21:21:29 Latest version is 1.5.8
2024-02-27 21:21:29 App is up to date.
2024-02-27 21:21:39 Loading main app package /usr/lib/obsidian/obsidian.asar
2024-02-27 21:21:39 Checking for update using Github
2024-02-27 21:21:39 Success.
2024-02-27 21:21:39 Latest version is 1.5.8
2024-02-27 21:21:39 App is up to date.
2024-02-27 22:21:39 Checking for update using Github
2024-02-27 22:21:39 Success.
2024-02-27 22:21:39 Latest version is 1.5.8
2024-02-27 22:21:39 App is up to date.
2024-02-28 09:25:12 Loading main app package /usr/lib/obsidian/obsidian.asar
2024-02-28 09:25:12 Checking for update using Github
2024-02-28 09:25:12 Success.
2024-02-28 09:25:12 Latest version is 1.5.8
2024-02-28 09:25:12 App is up to date.
2024-03-15 21:42:28 Loading main app package /usr/lib/obsidian/obsidian.asar
2024-03-15 21:42:28 Checking for update using Github
2024-03-15 21:42:29 Success.
2024-03-15 21:42:29 Latest version is 1.5.8
2024-03-15 21:42:29 App is up to date.
